ISim log file
Running: D:\Code\verarecovery\ise\ml605\decrypt\serpent_de\tb_serpent_xts_de_isim_beh.exe -intstyle ise -gui -tclbatch isim.cmd -view D:/Code/verarecovery/ise/ml605/decrypt/serpent_de/tb/xts.wcfg -wdb D:/Code/verarecovery/ise/ml605/decrypt/serpent_de/tb_serpent_xts_de_isim_beh.wdb 
ISim P.20131013 (signature 0x7708f090)
This is a Full version of ISim.
WARNING:  For instance serpent_encrypt_stage_inst/apply_sbox/, width 3 of formal port i_sbox_index is not equal to width 32 of actual constant.
WARNING:  For instance serpent_encrypt_stage_inst/apply_sbox/, width 3 of formal port i_sbox_index is not equal to width 32 of actual constant.
Time resolution is 1 ps
# onerror resume
# run 1000 ns
Simulator is doing circuit initialization process.
Finished circuit initialization process.
ISim P.20131013 (signature 0x7708f090)
This is a Full version of ISim.
WARNING:  For instance serpent_encrypt_stage_inst/apply_sbox/, width 3 of formal port i_sbox_index is not equal to width 32 of actual constant.
WARNING:  For instance serpent_encrypt_stage_inst/apply_sbox/, width 3 of formal port i_sbox_index is not equal to width 32 of actual constant.
# run 1000 ns
Simulator is doing circuit initialization process.
Finished circuit initialization process.
# run 1.00us
# run 1.00us
# run 1.00us
# run 1.00us
Output Data: b7059d2a5fb33d3be845bef108946f7d
# run 1.00us
# run 1.00us
# run 1.00us
# run 1.00us
# run 1.00us
